1591648033455	mozrunner::runner	INFO	Running command: "C:\\Program Files\\Mozilla Firefox\\firefox.exe" "-marionette" "-foreground" "-no-remote" "-profile" "C:\\Users\\BRANDO~1\\AppData\\Local\\Temp\\rust_mozprofileJ5Ym8s"
JavaScript error: resource://gre/modules/XULStore.jsm, line 66: Error: Can't find profile directory.
JavaScript error: resource://activity-stream/lib/ActivityStreamPrefs.jsm, line 27: NS_ERROR_ILLEGAL_VALUE: Component returned failure code: 0x80070057 (NS_ERROR_ILLEGAL_VALUE) [nsIPrefBranch.removeObserver]
JavaScript error: resource://activity-stream/lib/DiscoveryStreamFeed.jsm, line 860: TypeError: items is undefined
JavaScript error: resource://activity-stream/lib/DiscoveryStreamFeed.jsm, line 860: TypeError: items is undefined
JavaScript error: resource://gre/modules/Sqlite.jsm, line 921: Error: Connection is not open.

###!!! [Child][RunMessage] Error: Channel closing: too late to send/recv, messages will be lost


###!!! [Child][MessageChannel::SendAndWait] Error: Channel error: cannot send/recv

1591648045545	mozrunner::runner	INFO	Running command: "C:\\Program Files\\Mozilla Firefox\\firefox.exe" "-marionette" "-foreground" "-no-remote" "-profile" "C:\\Users\\BRANDO~1\\AppData\\Local\\Temp\\rust_mozprofilePlFpGP"
JavaScript error: resource://gre/modules/XULStore.jsm, line 66: Error: Can't find profile directory.
1591648048860	Marionette	INFO	Listening on port 55019
1591648049242	Marionette	WARN	TLS certificate errors will be ignored for this session
JavaScript error: resource://activity-stream/lib/ActivityStreamPrefs.jsm, line 27: NS_ERROR_ILLEGAL_VALUE: Component returned failure code: 0x80070057 (NS_ERROR_ILLEGAL_VALUE) [nsIPrefBranch.removeObserver]
JavaScript error: resource://activity-stream/lib/DiscoveryStreamFeed.jsm, line 860: TypeError: items is undefined
JavaScript error: resource://activity-stream/lib/DiscoveryStreamFeed.jsm, line 860: TypeError: items is undefined
JavaScript error: resource://gre/modules/Sqlite.jsm, line 921: Error: Connection is not open.
1591648053913	Marionette	INFO	Stopped listening on port 55019

###!!! [Child][RunMessage] Error: Channel closing: too late to send/recv, messages will be lost


###!!! [Child][MessageChannel::SendAndWait] Error: Channel error: cannot send/recv

1591648082891	mozrunner::runner	INFO	Running command: "C:\\Program Files\\Mozilla Firefox\\firefox.exe" "-marionette" "-foreground" "-no-remote" "-profile" "C:\\Users\\BRANDO~1\\AppData\\Local\\Temp\\rust_mozprofileO6MuOQ"
JavaScript error: resource://gre/modules/XULStore.jsm, line 66: Error: Can't find profile directory.
1591648085717	Marionette	INFO	Listening on port 55064
1591648086064	Marionette	WARN	TLS certificate errors will be ignored for this session
JavaScript error: resource://gre/modules/UrlClassifierListManager.jsm, line 691: TypeError: this.tablesData[table] is undefined
1591648095873	Marionette	INFO	Stopped listening on port 55064

###!!! [Child][RunMessage] Error: Channel closing: too late to send/recv, messages will be lost


###!!! [Child][MessageChannel::SendAndWait] Error: Channel error: cannot send/recv

1591648115426	mozrunner::runner	INFO	Running command: "C:\\Program Files\\Mozilla Firefox\\firefox.exe" "-marionette" "-foreground" "-no-remote" "-profile" "C:\\Users\\BRANDO~1\\AppData\\Local\\Temp\\rust_mozprofile0PzViz"
JavaScript error: resource://gre/modules/XULStore.jsm, line 66: Error: Can't find profile directory.
1591648118574	Marionette	INFO	Listening on port 55126
1591648118617	Marionette	WARN	TLS certificate errors will be ignored for this session
[Child 11920, Chrome_ChildThread] WARNING: pipe error: 232: file /builds/worker/checkouts/gecko/ipc/chromium/src/chrome/common/ipc_channel_win.cc, line 522

###!!! [Child][RunMessage] Error: Channel closing: too late to send/recv, messages will be lost


###!!! [Child][RunMessage] Error: Channel closing: too late to send/recv, messages will be lost

JavaScript error: resource://gre/modules/UrlClassifierListManager.jsm, line 691: TypeError: this.tablesData[table] is undefined
1591648134594	mozrunner::runner	INFO	Running command: "C:\\Program Files\\Mozilla Firefox\\firefox.exe" "-marionette" "-foreground" "-no-remote" "-profile" "C:\\Users\\BRANDO~1\\AppData\\Local\\Temp\\rust_mozprofileyHDioh"
JavaScript error: resource://gre/modules/XULStore.jsm, line 66: Error: Can't find profile directory.
1591648137977	Marionette	INFO	Listening on port 55202
1591648138268	Marionette	WARN	TLS certificate errors will be ignored for this session
IPDL protocol error: Handler returned error code!

###!!! [Parent][DispatchAsyncMessage] Error: PImageBridge::Msg_Update Processing error: message was deserialized, but the handler returned false (indicating failure)

1591648156367	Marionette	INFO	Stopped listening on port 55202

###!!! [Child][RunMessage] Error: Channel closing: too late to send/recv, messages will be lost


###!!! [Child][MessageChannel::SendAndWait] Error: Channel error: cannot send/recv

1591648170091	mozrunner::runner	INFO	Running command: "C:\\Program Files\\Mozilla Firefox\\firefox.exe" "-marionette" "-foreground" "-no-remote" "-profile" "C:\\Users\\BRANDO~1\\AppData\\Local\\Temp\\rust_mozprofileOwW147"
JavaScript error: resource://gre/modules/XULStore.jsm, line 66: Error: Can't find profile directory.
1591648173426	Marionette	INFO	Listening on port 55296
1591648175101	Marionette	WARN	TLS certificate errors will be ignored for this session
JavaScript error: resource:///actors/LightweightThemeChild.jsm, line 28: TypeError: this.docShell is null
JavaScript error: resource:///actors/LightweightThemeChild.jsm, line 28: TypeError: this.docShell is null
JavaScript error: resource:///actors/LightweightThemeChild.jsm, line 28: TypeError: this.docShell is null
JavaScript error: resource:///actors/LightweightThemeChild.jsm, line 28: TypeError: this.docShell is null
1591648211082	Marionette	INFO	Stopped listening on port 55296

###!!! [Child][MessageChannel::SendAndWait] Error: Channel error: cannot send/recv

1591648450603	mozrunner::runner	INFO	Running command: "C:\\Program Files\\Mozilla Firefox\\firefox.exe" "-marionette" "-foreground" "-no-remote" "-profile" "C:\\Users\\BRANDO~1\\AppData\\Local\\Temp\\rust_mozprofile11RIR6"
JavaScript error: resource://gre/modules/XULStore.jsm, line 66: Error: Can't find profile directory.
1591648454309	Marionette	INFO	Listening on port 55672
1591648454818	Marionette	WARN	TLS certificate errors will be ignored for this session
console.error: "Store does not have a valid reducer. Make sure the argument passed to combineReducers is an object whose values are reducers."
1591648480209	Marionette	INFO	Stopped listening on port 55672

###!!! [Child][RunMessage] Error: Channel closing: too late to send/recv, messages will be lost


###!!! [Child][MessageChannel::SendAndWait] Error: Channel error: cannot send/recv

gre/modules/XULStore.jsm, line 66: Error: Can't find profile directory.
1591648482104	Marionette	INFO	Listening on port 55729
1591648482282	Marionette	WARN	TLS certificate errors will be ignored for this session
console.error: "Could not write session state file " (new Error("", "(unknown module)")) ""
JavaScript error: , line 0: uncaught exception: Object
console.warn: LoginRecipes: "getRecipes: falling back to a synchronous message for:" "https://www.google.com"
console.error: "Store does not have a valid reducer. Make sure the argument passed to combineReducers is an object whose values are reducers."
console.error: "Could not write session state file " (new Error("", "(unknown module)")) ""
1591650369666	mozrunner::runner	INFO	Running command: "C:\\Program Files\\Mozilla Firefox\\firefox.exe" "-marionette" "-foreground" "-no-remote" "-profile" "C:\\Users\\BRANDO~1\\AppData\\Local\\Temp\\rust_mozprofileq7IG2s"
JavaScript error: resource://gre/modules/XULStore.jsm, line 66: Error: Can't find profile directory.
1591650372915	Marionette	INFO	Listening on port 56149
1591650373353	Marionette	WARN	TLS certificate errors will be ignored for this session
1591650390276	Marionette	INFO	Stopped listening on port 56149

###!!! [Child][RunMessage] Error: Channel closing: too late to send/recv, messages will be lost


###!!! [Child][MessageChannel::SendAndWait] Error: Channel error: cannot send/recv

1591650398053	mozrunner::runner	INFO	Running command: "C:\\Program Files\\Mozilla Firefox\\firefox.exe" "-marionette" "-foreground" "-no-remote" "-profile" "C:\\Users\\BRANDO~1\\AppData\\Local\\Temp\\rust_mozprofileqkgwCC"
JavaScript error: resource://gre/modules/XULStore.jsm, line 66: Error: Can't find profile directory.
1591650401366	Marionette	INFO	Listening on port 56209
1591650401746	Marionette	WARN	TLS certificate errors will be ignored for this session
1591650570439	Marionette	INFO	Stopped listening on port 56209

###!!! [Child][RunMessage] Error: Channel closing: too late to send/recv, messages will be lost


###!!! [Child][MessageChannel::SendAndWait] Error: Channel error: cannot send/recv

1591650638603	mozrunner::runner	INFO	Running command: "C:\\Program Files\\Mozilla Firefox\\firefox.exe" "-marionette" "-foreground" "-no-remote" "-profile" "C:\\Users\\BRANDO~1\\AppData\\Local\\Temp\\rust_mozprofileX5dG8T"
JavaScript error: resource://gre/modules/XULStore.jsm, line 66: Error: Can't find profile directory.
1591650641885	Marionette	INFO	Listening on port 56308
1591650642305	Marionette	WARN	TLS certificate errors will be ignored for this session
console.warn: LoginRecipes: "getRecipes: falling back to a synchronous message for:" "https://www.pornhub.com"
console.error: "Store does not have a valid reducer. Make sure the argument passed to combineReducers is an object whose values are reducers."
SourceActor threw an exception: [Exception... "Component returned failure code: 0x80470002 (NS_BASE_STREAM_CLOSED) [nsIInputStream.available]"  nsresult: "0x80470002 (NS_BASE_STREAM_CLOSED)"  location: "JS frame :: resource://devtools/shared/DevToolsUtils.js :: onResponse :: line 558"  data: no]
Stack: onResponse@resource://devtools/shared/DevToolsUtils.js:558:34
onStopRequest@resource://gre/modules/NetUtil.jsm:128:18
Line: 558, column: 0
console.error: ({})
JavaScript error: resource://devtools/shared/DevToolsUtils.js, line 558: NS_BASE_STREAM_CLOSED: Component returned failure code: 0x80470002 (NS_BASE_STREAM_CLOSED) [nsIInputStream.available]
console.error: "Could not write session state file " (new Error("", "(unknown module)")) ""
1591650714537	mozrunner::runner	INFO	Running command: "C:\\Program Files\\Mozilla Firefox\\firefox.exe" "-marionette" "-foreground" "-no-remote" "-profile" "C:\\Users\\BRANDO~1\\AppData\\Local\\Temp\\rust_mozprofilewIl83l"
JavaScript error: resource://gre/modules/XULStore.jsm, line 66: Error: Can't find profile directory.
1591650717593	Marionette	INFO	Listening on port 56436
1591650717718	Marionette	WARN	TLS certificate errors will be ignored for this session
IPDL protocol error: Handler returned error code!

###!!! [Parent][DispatchAsyncMessage] Error: PImageBridge::Msg_Update Processing error: message was deserialized, but the handler returned false (indicating failure)

1591650738949	Marionette	INFO	Stopped listening on port 56436

###!!! [Child][MessageChannel::SendAndWait] Error: Channel error: cannot send/recv

 handler returned false (indicating failure)

IPDL protocol error: Handler returned error code!

###!!! [Parent][DispatchAsyncMessage] Error: PImageBridge::Msg_Update Processing error: message was deserialized, but the handler returned false (indicating failure)

IPDL protocol error: Handler returned error code!

###!!! [Parent][DispatchAsyncMessage] Error: PImageBridge::Msg_Update Processing error: message was deserialized, but the handler returned false (indicating failure)

IPDL protocol error: Handler returned error code!

###!!! [Parent][DispatchAsyncMessage] Error: PImageBridge::Msg_Update Processing error: message was deserialized, but the handler returned false (indicating failure)

IPDL protocol error: Handler returned error code!

###!!! [Parent][DispatchAsyncMessage] Error: PImageBridge::Msg_Update Processing error: message was deserialized, but the handler returned false (indicating failure)

IPDL protocol error: Handler returned error code!

###!!! [Parent][DispatchAsyncMessage] Error: PImageBridge::Msg_Update Processing error: message was deserialized, but the handler returned false (indicating failure)

IPDL protocol error: Handler returned error code!

###!!! [Parent][DispatchAsyncMessage] Error: PImageBridge::Msg_Update Processing error: message was deserialized, but the handler returned false (indicating failure)

IPDL protocol error: Handler returned error code!

###!!! [Parent][DispatchAsyncMessage] Error: PImageBridge::Msg_Update Processing error: message was deserialized, but the handler returned false (indicating failure)

IPDL protocol error: Handler returned error code!

###!!! [Parent][DispatchAsyncMessage] Error: PImageBridge::Msg_Update Processing error: message was deserialized, but the handler returned false (indicating failure)

IPDL protocol error: Handler returned error code!

###!!! [Parent][DispatchAsyncMessage] Error: PImageBridge::Msg_Update Processing error: message was deserialized, but the handler returned false (indicating failure)

IPDL protocol error: Handler returned error code!

###!!! [Parent][DispatchAsyncMessage] Error: PImageBridge::Msg_Update Processing error: message was deserialized, but the handler returned false (indicating failure)

1591650712825	Marionette	INFO	Stopped listening on port 56308

###!!! [Child][RunMessage] Error: Channel closing: too late to send/recv, messages will be lost


###!!! [Child][MessageChannel::SendAndWait] Error: Channel error: cannot send/recv

1591650737732	mozrunner::runner	INFO	Running command: "C:\\Program Files\\Mozilla Firefox\\firefox.exe" "-marionette" "-foreground" "-no-remote" "-profile" "C:\\Users\\BRANDO~1\\AppData\\Local\\Temp\\rust_mozprofilegNwZta"
JavaScript error: resource://gre/modules/XULStore.jsm, line 66: Error: Can't find profile directory.
1591650741680	Marionette	INFO	Listening on port 56548
1591650741927	Marionette	WARN	TLS certificate errors will be ignored for this session
IPDL protocol error: Handler returned error code!

###!!! [Parent][DispatchAsyncMessage] Error: PImageBridge::Msg_Update Processing error: message was deserialized, but the handler returned false (indicating failure)

1591650760418	Marionette	INFO	Stopped listening on port 56548

###!!! [Child][RunMessage] Error: Channel closing: too late to send/recv, messages will be lost


###!!! [Child][MessageChannel::SendAndWait] Error: Channel error: cannot send/recv

1591650912386	mozrunner::runner	INFO	Running command: "C:\\Program Files\\Mozilla Firefox\\firefox.exe" "-marionette" "-foreground" "-no-remote" "-profile" "C:\\Users\\BRANDO~1\\AppData\\Local\\Temp\\rust_mozprofileJ7f2R6"
JavaScript error: resource://gre/modules/XULStore.jsm, line 66: Error: Can't find profile directory.
1591650915639	Marionette	INFO	Listening on port 56691
1591650916077	Marionette	WARN	TLS certificate errors will be ignored for this session
console.error: "Could not write session state file " (new Error("", "(unknown module)")) ""
IPDL protocol error: Handler returned error code!

###!!! [Parent][DispatchAsyncMessage] Error: PImageBridge::Msg_Update Processing error: message was deserialized, but the handler returned false (indicating failure)

IPDL protocol error: Handler returned error code!

###!!! [Parent][DispatchAsyncMessage] Error: PImageBridge::Msg_Update Processing error: message was deserialized, but the handler returned false (indicating failure)

1591650957785	Marionette	INFO	Stopped listening on port 56691

###!!! [Child][RunMessage] Error: Channel closing: too late to send/recv, messages will be lost


###!!! [Child][MessageChannel::SendAndWait] Error: Channel error: cannot send/recv

1591658694035	mozrunner::runner	INFO	Running command: "C:\\Program Files\\Mozilla Firefox\\firefox.exe" "-marionette" "-foreground" "-no-remote" "-profile" "C:\\Users\\BRANDO~1\\AppData\\Local\\Temp\\rust_mozprofileGx0T9G"
JavaScript error: resource://gre/modules/XULStore.jsm, line 66: Error: Can't find profile directory.
1591658705545	Marionette	INFO	Listening on port 52220
1591658706232	Marionette	WARN	TLS certificate errors will be ignored for this session
console.error: "Could not write session state file " (new Error("", "(unknown module)")) ""
1591658756252	Marionette	INFO	Stopped listening on port 52220

###!!! [Child][RunMessage] Error: Channel closing: too late to send/recv, messages will be lost


###!!! [Child][MessageChannel::SendAndWait] Error: Channel error: cannot send/recv

1591658791635	mozrunner::runner	INFO	Running command: "C:\\Program Files\\Mozilla Firefox\\firefox.exe" "-marionette" "-foreground" "-no-remote" "-profile" "C:\\Users\\BRANDO~1\\AppData\\Local\\Temp\\rust_mozprofileoMQPbb"
JavaScript error: resource://gre/modules/XULStore.jsm, line 66: Error: Can't find profile directory.
1591658795306	Marionette	INFO	Listening on port 52365
1591658795790	Marionette	WARN	TLS certificate errors will be ignored for this session
console.error: "Could not write session state file " (new Error("", "(unknown module)")) ""
1591658840566	Marionette	INFO	Stopped listening on port 52365

###!!! [Child][RunMessage] Error: Channel closing: too late to send/recv, messages will be lost


###!!! [Child][MessageChannel::SendAndWait] Error: Channel error: cannot send/recv

1591660854859	mozrunner::runner	INFO	Running command: "C:\\Program Files\\Mozilla Firefox\\firefox.exe" "-marionette" "-foreground" "-no-remote" "-profile" "C:\\Users\\BRANDO~1\\AppData\\Local\\Temp\\rust_mozprofilelPu3Hl"
JavaScript error: resource://gre/modules/XULStore.jsm, line 66: Error: Can't find profile directory.
1591660858466	Marionette	INFO	Listening on port 52865
1591660858555	Marionette	WARN	TLS certificate errors will be ignored for this session
1591660906189	Marionette	INFO	Stopped listening on port 52865

###!!! [Child][RunMessage] Error: Channel closing: too late to send/recv, messages will be lost


###!!! [Child][MessageChannel::SendAndWait] Error: Channel error: cannot send/recv

gre/modules/XULStore.jsm, line 66: Error: Can't find profile directory.
1591660898409	Marionette	INFO	Listening on port 52910
1591660898697	Marionette	WARN	TLS certificate errors will be ignored for this session
JavaScript warning: https://d17ol771963kd3.cloudfront.net/assets/application-eaedf56af31eae588b646de20ff0466e.js, line 18899: unreachable code after return statement
console.error: "Could not write session state file " (new Error("", "(unknown module)")) ""
1591661029545	Marionette	INFO	Stopped listening on port 52910

###!!! [Child][RunMessage] Error: Channel closing: too late to send/recv, messages will be lost


###!!! [Child][MessageChannel::SendAndWait] Error: Channel error: cannot send/recv

1591661150593	mozrunner::runner	INFO	Running command: "C:\\Program Files\\Mozilla Firefox\\firefox.exe" "-marionette" "-foreground" "-no-remote" "-profile" "C:\\Users\\BRANDO~1\\AppData\\Local\\Temp\\rust_mozprofileYRRpAi"
JavaScript error: resource://gre/modules/XULStore.jsm, line 66: Error: Can't find profile directory.
1591661156383	Marionette	INFO	Listening on port 53028
1591661156418	Marionette	WARN	TLS certificate errors will be ignored for this session
JavaScript warning: https://d17ol771963kd3.cloudfront.net/assets/application-eaedf56af31eae588b646de20ff0466e.js, line 18899: unreachable code after return statement
1591661175807	Marionette	INFO	Stopped listening on port 53028

###!!! [Child][RunMessage] Error: Channel closing: too late to send/recv, messages will be lost


###!!! [Child][MessageChannel::SendAndWait] Error: Channel error: cannot send/recv

1591661316486	mozrunner::runner	INFO	Running command: "C:\\Program Files\\Mozilla Firefox\\firefox.exe" "-marionette" "-foreground" "-no-remote" "-profile" "C:\\Users\\BRANDO~1\\AppData\\Local\\Temp\\rust_mozprofileFLWi5E"
JavaScript error: resource://gre/modules/XULStore.jsm, line 66: Error: Can't find profile directory.
1591661319679	Marionette	INFO	Listening on port 53110
1591661320125	Marionette	WARN	TLS certificate errors will be ignored for this session
JavaScript warning: https://d17ol771963kd3.cloudfront.net/assets/application-eaedf56af31eae588b646de20ff0466e.js, line 18899: unreachable code after return statement
console.error: "Could not write session state file " (new Error("", "(unknown module)")) ""
1591661499652	Marionette	INFO	Stopped listening on port 53110

###!!! [Child][RunMessage] Error: Channel closing: too late to send/recv, messages will be lost


###!!! [Child][MessageChannel::SendAndWait] Error: Channel error: cannot send/recv

gre/modules/XULStore.jsm, line 66: Error: Can't find profile directory.
1591661346830	Marionette	INFO	Listening on port 53173
1591661347283	Marionette	WARN	TLS certificate errors will be ignored for this session
JavaScript warning: https://d17ol771963kd3.cloudfront.net/assets/application-eaedf56af31eae588b646de20ff0466e.js, line 18899: unreachable code after return statement
console.error: "Could not write session state file " (new Error("", "(unknown module)")) ""
JavaScript error: , line 0: uncaught exception: Object
1591661501191	Marionette	INFO	Stopped listening on port 53173

###!!! [Child][RunMessage] Error: Channel closing: too late to send/recv, messages will be lost


###!!! [Child][MessageChannel::SendAndWait] Error: Channel error: cannot send/recv

gre/modules/XULStore.jsm, line 66: Error: Can't find profile directory.
1591661474386	Marionette	INFO	Listening on port 53263
1591661474481	Marionette	WARN	TLS certificate errors will be ignored for this session
JavaScript warning: https://d17ol771963kd3.cloudfront.net/assets/application-eaedf56af31eae588b646de20ff0466e.js, line 18899: unreachable code after return statement
console.error: "Could not write session state file " (new Error("", "(unknown module)")) ""
1591661510821	Marionette	INFO	Stopped listening on port 53263

###!!! [Child][RunMessage] Error: Channel closing: too late to send/recv, messages will be lost


###!!! [Child][MessageChannel::SendAndWait] Error: Channel error: cannot send/recv

gre/modules/XULStore.jsm, line 66: Error: Can't find profile directory.
1591661505172	Marionette	INFO	Listening on port 53322
1591661505615	Marionette	WARN	TLS certificate errors will be ignored for this session
JavaScript warning: https://d17ol771963kd3.cloudfront.net/assets/application-eaedf56af31eae588b646de20ff0466e.js, line 18899: unreachable code after return statement
JavaScript warning: https://d17ol771963kd3.cloudfront.net/assets/application-eaedf56af31eae588b646de20ff0466e.js, line 18899: unreachable code after return statement
1591661528161	Marionette	INFO	Stopped listening on port 53322

###!!! [Child][RunMessage] Error: Channel closing: too late to send/recv, messages will be lost


###!!! [Child][MessageChannel::SendAndWait] Error: Channel error: cannot send/recv

1591661727200	mozrunner::runner	INFO	Running command: "C:\\Program Files\\Mozilla Firefox\\firefox.exe" "-marionette" "-foreground" "-no-remote" "-profile" "C:\\Users\\BRANDO~1\\AppData\\Local\\Temp\\rust_mozprofilelwU7Nu"
JavaScript error: resource://gre/modules/XULStore.jsm, line 66: Error: Can't find profile directory.
1591661730696	Marionette	INFO	Listening on port 53451
1591661730874	Marionette	WARN	TLS certificate errors will be ignored for this session
JavaScript warning: https://d17ol771963kd3.cloudfront.net/assets/application-eaedf56af31eae588b646de20ff0466e.js, line 18899: unreachable code after return statement
console.error: "Could not write session state file " (new Error("", "(unknown module)")) ""
1591661752557	Marionette	INFO	Stopped listening on port 53451

###!!! [Child][RunMessage] Error: Channel closing: too late to send/recv, messages will be lost


###!!! [Child][MessageChannel::SendAndWait] Error: Channel error: cannot send/recv

1591661785703	mozrunner::runner	INFO	Running command: "C:\\Program Files\\Mozilla Firefox\\firefox.exe" "-marionette" "-foreground" "-no-remote" "-profile" "C:\\Users\\BRANDO~1\\AppData\\Local\\Temp\\rust_mozprofiletjHJrd"
JavaScript error: resource://gre/modules/XULStore.jsm, line 66: Error: Can't find profile directory.
1591661789173	Marionette	INFO	Listening on port 53515
1591661789351	Marionette	WARN	TLS certificate errors will be ignored for this session
JavaScript warning: https://d17ol771963kd3.cloudfront.net/assets/application-eaedf56af31eae588b646de20ff0466e.js, line 18899: unreachable code after return statement
1591661838260	mozrunner::runner	INFO	Running command: "C:\\Program Files\\Mozilla Firefox\\firefox.exe" "-marionette" "-foreground" "-no-remote" "-profile" "C:\\Users\\BRANDO~1\\AppData\\Local\\Temp\\rust_mozprofilek0Doit"
JavaScript error: resource://gre/modules/XULStore.jsm, line 66: Error: Can't find profile directory.
1591661841461	Marionette	INFO	Listening on port 53583
1591661841931	Marionette	WARN	TLS certificate errors will be ignored for this session
JavaScript warning: https://d17ol771963kd3.cloudfront.net/assets/application-eaedf56af31eae588b646de20ff0466e.js, line 18899: unreachable code after return statement
1591661861066	Marionette	INFO	Stopped listening on port 53583

###!!! [Child][RunMessage] Error: Channel closing: too late to send/recv, messages will be lost


###!!! [Child][MessageChannel::SendAndWait] Error: Channel error: cannot send/recv

1591662327401	mozrunner::runner	INFO	Running command: "C:\\Program Files\\Mozilla Firefox\\firefox.exe" "-marionette" "-foreground" "-no-remote" "-profile" "C:\\Users\\BRANDO~1\\AppData\\Local\\Temp\\rust_mozprofileUexcvc"
JavaScript error: resource://gre/modules/XULStore.jsm, line 66: Error: Can't find profile directory.
1591662330744	Marionette	INFO	Listening on port 53713
1591662331078	Marionette	WARN	TLS certificate errors will be ignored for this session
JavaScript warning: https://d17ol771963kd3.cloudfront.net/assets/application-eaedf56af31eae588b646de20ff0466e.js, line 18899: unreachable code after return statement
1591662344201	Marionette	INFO	Stopped listening on port 53713

###!!! [Child][RunMessage] Error: Channel closing: too late to send/recv, messages will be lost


###!!! [Child][MessageChannel::SendAndWait] Error: Channel error: cannot send/recv

